Flow report for DE2_115_Media_Computer
Wed May 18 16:02:11 2016
Quartus II 64-Bit Version 13.0.0 Build 156 04/24/2013 SJ Full Version


---------------------
; Table of Contents ;
---------------------
  1. Legal Notice
  2. Flow Summary
  3. Flow Settings
  4. Flow Non-Default Global Settings
  5. Flow Elapsed Time
  6. Flow OS Summary
  7. Flow Log
  8. Flow Messages
  9. Flow Suppressed Messages



----------------
; Legal Notice ;
----------------
Copyright (C) 1991-2013 Altera Corporation
Your use of Altera Corporation's design tools, logic functions 
and other software and tools, and its AMPP partner logic 
functions, and any output files from any of the foregoing 
(including device programming or simulation files), and any 
associated documentation or information are expressly subject 
to the terms and conditions of the Altera Program License 
Subscription Agreement, Altera MegaCore Function License 
Agreement, or other applicable license agreement, including, 
without limitation, that your use is for the sole purpose of 
programming logic devices manufactured by Altera and sold by 
Altera or its authorized distributors.  Please refer to the 
applicable agreement for further details.



+----------------------------------------------------------------------------------+
; Flow Summary                                                                     ;
+------------------------------------+---------------------------------------------+
; Flow Status                        ; Successful - Wed May 18 16:02:01 2016       ;
; Quartus II 64-Bit Version          ; 13.0.0 Build 156 04/24/2013 SJ Full Version ;
; Revision Name                      ; DE2_115_Media_Computer                      ;
; Top-level Entity Name              ; DE2_115_Media_Computer                      ;
; Family                             ; Cyclone IV E                                ;
; Device                             ; EP4CE115F29C8                               ;
; Timing Models                      ; Final                                       ;
; Total logic elements               ; 6,098 / 114,480 ( 5 % )                     ;
;     Total combinational functions  ; 5,575 / 114,480 ( 5 % )                     ;
;     Dedicated logic registers      ; 3,760 / 114,480 ( 3 % )                     ;
; Total registers                    ; 3965                                        ;
; Total pins                         ; 374 / 529 ( 71 % )                          ;
; Total virtual pins                 ; 0                                           ;
; Total memory bits                  ; 121,728 / 3,981,312 ( 3 % )                 ;
; Embedded Multiplier 9-bit elements ; 14 / 532 ( 3 % )                            ;
; Total PLLs                         ; 2 / 4 ( 50 % )                              ;
+------------------------------------+---------------------------------------------+


+--------------------------------------------+
; Flow Settings                              ;
+-------------------+------------------------+
; Option            ; Setting                ;
+-------------------+------------------------+
; Start date & time ; 05/18/2016 16:00:38    ;
; Main task         ; Compilation            ;
; Revision Name     ; DE2_115_Media_Computer ;
+-------------------+------------------------+


+---------------------------------------------------------------------------------------------------------------------------------------------------------------------------------------------+
; Flow Non-Default Global Settings                                                                                                                                                            ;
+-------------------------------------+-----------------------------------------------------------------------------------+---------------+----------------------------------+----------------+
; Assignment Name                     ; Value                                                                             ; Default Value ; Entity Name                      ; Section Id     ;
+-------------------------------------+-----------------------------------------------------------------------------------+---------------+----------------------------------+----------------+
; COMPILER_SIGNATURE_ID               ; 57277346360894.146360163706700                                                    ; --            ; --                               ; --             ;
; ENABLE_SIGNALTAP                    ; Off                                                                               ; --            ; --                               ; --             ;
; IP_TOOL_ENV                         ; Qsys                                                                              ; --            ; altera_avalon_sc_fifo            ; --             ;
; IP_TOOL_ENV                         ; Qsys                                                                              ; --            ; altera_merlin_burst_adapter      ; --             ;
; IP_TOOL_ENV                         ; Qsys                                                                              ; --            ; altera_merlin_master_agent       ; --             ;
; IP_TOOL_ENV                         ; Qsys                                                                              ; --            ; altera_merlin_master_translator  ; --             ;
; IP_TOOL_ENV                         ; Qsys                                                                              ; --            ; altera_merlin_slave_agent        ; --             ;
; IP_TOOL_ENV                         ; Qsys                                                                              ; --            ; altera_merlin_slave_translator   ; --             ;
; IP_TOOL_ENV                         ; Qsys                                                                              ; --            ; altera_merlin_traffic_limiter    ; --             ;
; IP_TOOL_ENV                         ; Qsys                                                                              ; --            ; altera_merlin_width_adapter      ; --             ;
; IP_TOOL_ENV                         ; Qsys                                                                              ; --            ; altera_reset_controller          ; --             ;
; IP_TOOL_ENV                         ; Qsys                                                                              ; --            ; nios_system                      ; --             ;
; IP_TOOL_ENV                         ; Qsys                                                                              ; --            ; nios_system_CPU                  ; --             ;
; IP_TOOL_ENV                         ; Qsys                                                                              ; --            ; nios_system_JTAG_UART            ; --             ;
; IP_TOOL_ENV                         ; Qsys                                                                              ; --            ; nios_system_SDRAM                ; --             ;
; IP_TOOL_ENV                         ; Qsys                                                                              ; --            ; nios_system_addr_router          ; --             ;
; IP_TOOL_ENV                         ; Qsys                                                                              ; --            ; nios_system_addr_router_001      ; --             ;
; IP_TOOL_ENV                         ; Qsys                                                                              ; --            ; nios_system_addr_router_002      ; --             ;
; IP_TOOL_ENV                         ; Qsys                                                                              ; --            ; nios_system_cmd_xbar_demux       ; --             ;
; IP_TOOL_ENV                         ; Qsys                                                                              ; --            ; nios_system_cmd_xbar_demux_001   ; --             ;
; IP_TOOL_ENV                         ; Qsys                                                                              ; --            ; nios_system_cmd_xbar_demux_002   ; --             ;
; IP_TOOL_ENV                         ; Qsys                                                                              ; --            ; nios_system_cmd_xbar_mux         ; --             ;
; IP_TOOL_ENV                         ; Qsys                                                                              ; --            ; nios_system_cmd_xbar_mux_004     ; --             ;
; IP_TOOL_ENV                         ; Qsys                                                                              ; --            ; nios_system_id_router            ; --             ;
; IP_TOOL_ENV                         ; Qsys                                                                              ; --            ; nios_system_id_router_002        ; --             ;
; IP_TOOL_ENV                         ; Qsys                                                                              ; --            ; nios_system_id_router_004        ; --             ;
; IP_TOOL_ENV                         ; Qsys                                                                              ; --            ; nios_system_id_router_006        ; --             ;
; IP_TOOL_ENV                         ; Qsys                                                                              ; --            ; nios_system_irq_mapper           ; --             ;
; IP_TOOL_ENV                         ; Qsys                                                                              ; --            ; nios_system_kp                   ; --             ;
; IP_TOOL_ENV                         ; Qsys                                                                              ; --            ; nios_system_pio_x1_output_init_7 ; --             ;
; IP_TOOL_ENV                         ; Qsys                                                                              ; --            ; nios_system_rsp_xbar_demux       ; --             ;
; IP_TOOL_ENV                         ; Qsys                                                                              ; --            ; nios_system_rsp_xbar_demux_002   ; --             ;
; IP_TOOL_ENV                         ; Qsys                                                                              ; --            ; nios_system_rsp_xbar_demux_004   ; --             ;
; IP_TOOL_ENV                         ; Qsys                                                                              ; --            ; nios_system_rsp_xbar_mux         ; --             ;
; IP_TOOL_ENV                         ; Qsys                                                                              ; --            ; nios_system_rsp_xbar_mux_001     ; --             ;
; IP_TOOL_ENV                         ; Qsys                                                                              ; --            ; nios_system_sysid                ; --             ;
; IP_TOOL_NAME                        ; altera_avalon_sc_fifo                                                             ; --            ; altera_avalon_sc_fifo            ; --             ;
; IP_TOOL_NAME                        ; altera_merlin_burst_adapter                                                       ; --            ; altera_merlin_burst_adapter      ; --             ;
; IP_TOOL_NAME                        ; altera_merlin_master_agent                                                        ; --            ; altera_merlin_master_agent       ; --             ;
; IP_TOOL_NAME                        ; altera_merlin_master_translator                                                   ; --            ; altera_merlin_master_translator  ; --             ;
; IP_TOOL_NAME                        ; altera_merlin_slave_agent                                                         ; --            ; altera_merlin_slave_agent        ; --             ;
; IP_TOOL_NAME                        ; altera_merlin_slave_translator                                                    ; --            ; altera_merlin_slave_translator   ; --             ;
; IP_TOOL_NAME                        ; altera_merlin_traffic_limiter                                                     ; --            ; altera_merlin_traffic_limiter    ; --             ;
; IP_TOOL_NAME                        ; altera_merlin_width_adapter                                                       ; --            ; altera_merlin_width_adapter      ; --             ;
; IP_TOOL_NAME                        ; altera_reset_controller                                                           ; --            ; altera_reset_controller          ; --             ;
; IP_TOOL_NAME                        ; Qsys                                                                              ; --            ; nios_system                      ; --             ;
; IP_TOOL_NAME                        ; altera_nios2_qsys                                                                 ; --            ; nios_system_CPU                  ; --             ;
; IP_TOOL_NAME                        ; altera_avalon_jtag_uart                                                           ; --            ; nios_system_JTAG_UART            ; --             ;
; IP_TOOL_NAME                        ; altera_avalon_new_sdram_controller                                                ; --            ; nios_system_SDRAM                ; --             ;
; IP_TOOL_NAME                        ; altera_merlin_router                                                              ; --            ; nios_system_addr_router          ; --             ;
; IP_TOOL_NAME                        ; altera_merlin_router                                                              ; --            ; nios_system_addr_router_001      ; --             ;
; IP_TOOL_NAME                        ; altera_merlin_router                                                              ; --            ; nios_system_addr_router_002      ; --             ;
; IP_TOOL_NAME                        ; altera_merlin_demultiplexer                                                       ; --            ; nios_system_cmd_xbar_demux       ; --             ;
; IP_TOOL_NAME                        ; altera_merlin_demultiplexer                                                       ; --            ; nios_system_cmd_xbar_demux_001   ; --             ;
; IP_TOOL_NAME                        ; altera_merlin_demultiplexer                                                       ; --            ; nios_system_cmd_xbar_demux_002   ; --             ;
; IP_TOOL_NAME                        ; altera_merlin_multiplexer                                                         ; --            ; nios_system_cmd_xbar_mux         ; --             ;
; IP_TOOL_NAME                        ; altera_merlin_multiplexer                                                         ; --            ; nios_system_cmd_xbar_mux_004     ; --             ;
; IP_TOOL_NAME                        ; altera_merlin_router                                                              ; --            ; nios_system_id_router            ; --             ;
; IP_TOOL_NAME                        ; altera_merlin_router                                                              ; --            ; nios_system_id_router_002        ; --             ;
; IP_TOOL_NAME                        ; altera_merlin_router                                                              ; --            ; nios_system_id_router_004        ; --             ;
; IP_TOOL_NAME                        ; altera_merlin_router                                                              ; --            ; nios_system_id_router_006        ; --             ;
; IP_TOOL_NAME                        ; altera_irq_mapper                                                                 ; --            ; nios_system_irq_mapper           ; --             ;
; IP_TOOL_NAME                        ; altera_avalon_pio                                                                 ; --            ; nios_system_kp                   ; --             ;
; IP_TOOL_NAME                        ; altera_avalon_pio                                                                 ; --            ; nios_system_pio_x1_output_init_7 ; --             ;
; IP_TOOL_NAME                        ; altera_merlin_demultiplexer                                                       ; --            ; nios_system_rsp_xbar_demux       ; --             ;
; IP_TOOL_NAME                        ; altera_merlin_demultiplexer                                                       ; --            ; nios_system_rsp_xbar_demux_002   ; --             ;
; IP_TOOL_NAME                        ; altera_merlin_demultiplexer                                                       ; --            ; nios_system_rsp_xbar_demux_004   ; --             ;
; IP_TOOL_NAME                        ; altera_merlin_multiplexer                                                         ; --            ; nios_system_rsp_xbar_mux         ; --             ;
; IP_TOOL_NAME                        ; altera_merlin_multiplexer                                                         ; --            ; nios_system_rsp_xbar_mux_001     ; --             ;
; IP_TOOL_NAME                        ; altera_avalon_sysid_qsys                                                          ; --            ; nios_system_sysid                ; --             ;
; IP_TOOL_VERSION                     ; 13.0                                                                              ; --            ; altera_avalon_sc_fifo            ; --             ;
; IP_TOOL_VERSION                     ; 13.0                                                                              ; --            ; altera_merlin_burst_adapter      ; --             ;
; IP_TOOL_VERSION                     ; 13.0                                                                              ; --            ; altera_merlin_master_agent       ; --             ;
; IP_TOOL_VERSION                     ; 13.0                                                                              ; --            ; altera_merlin_master_translator  ; --             ;
; IP_TOOL_VERSION                     ; 13.0                                                                              ; --            ; altera_merlin_slave_agent        ; --             ;
; IP_TOOL_VERSION                     ; 13.0                                                                              ; --            ; altera_merlin_slave_translator   ; --             ;
; IP_TOOL_VERSION                     ; 13.0                                                                              ; --            ; altera_merlin_traffic_limiter    ; --             ;
; IP_TOOL_VERSION                     ; 13.0                                                                              ; --            ; altera_merlin_width_adapter      ; --             ;
; IP_TOOL_VERSION                     ; 13.0                                                                              ; --            ; altera_reset_controller          ; --             ;
; IP_TOOL_VERSION                     ; 13.0                                                                              ; --            ; nios_system                      ; --             ;
; IP_TOOL_VERSION                     ; 13.0                                                                              ; --            ; nios_system_CPU                  ; --             ;
; IP_TOOL_VERSION                     ; 13.0.1                                                                            ; --            ; nios_system_JTAG_UART            ; --             ;
; IP_TOOL_VERSION                     ; 13.0.1                                                                            ; --            ; nios_system_SDRAM                ; --             ;
; IP_TOOL_VERSION                     ; 13.0                                                                              ; --            ; nios_system_addr_router          ; --             ;
; IP_TOOL_VERSION                     ; 13.0                                                                              ; --            ; nios_system_addr_router_001      ; --             ;
; IP_TOOL_VERSION                     ; 13.0                                                                              ; --            ; nios_system_addr_router_002      ; --             ;
; IP_TOOL_VERSION                     ; 13.0                                                                              ; --            ; nios_system_cmd_xbar_demux       ; --             ;
; IP_TOOL_VERSION                     ; 13.0                                                                              ; --            ; nios_system_cmd_xbar_demux_001   ; --             ;
; IP_TOOL_VERSION                     ; 13.0                                                                              ; --            ; nios_system_cmd_xbar_demux_002   ; --             ;
; IP_TOOL_VERSION                     ; 13.0                                                                              ; --            ; nios_system_cmd_xbar_mux         ; --             ;
; IP_TOOL_VERSION                     ; 13.0                                                                              ; --            ; nios_system_cmd_xbar_mux_004     ; --             ;
; IP_TOOL_VERSION                     ; 13.0                                                                              ; --            ; nios_system_id_router            ; --             ;
; IP_TOOL_VERSION                     ; 13.0                                                                              ; --            ; nios_system_id_router_002        ; --             ;
; IP_TOOL_VERSION                     ; 13.0                                                                              ; --            ; nios_system_id_router_004        ; --             ;
; IP_TOOL_VERSION                     ; 13.0                                                                              ; --            ; nios_system_id_router_006        ; --             ;
; IP_TOOL_VERSION                     ; 13.0                                                                              ; --            ; nios_system_irq_mapper           ; --             ;
; IP_TOOL_VERSION                     ; 13.0.1                                                                            ; --            ; nios_system_kp                   ; --             ;
; IP_TOOL_VERSION                     ; 13.0.1                                                                            ; --            ; nios_system_pio_x1_output_init_7 ; --             ;
; IP_TOOL_VERSION                     ; 13.0                                                                              ; --            ; nios_system_rsp_xbar_demux       ; --             ;
; IP_TOOL_VERSION                     ; 13.0                                                                              ; --            ; nios_system_rsp_xbar_demux_002   ; --             ;
; IP_TOOL_VERSION                     ; 13.0                                                                              ; --            ; nios_system_rsp_xbar_demux_004   ; --             ;
; IP_TOOL_VERSION                     ; 13.0                                                                              ; --            ; nios_system_rsp_xbar_mux         ; --             ;
; IP_TOOL_VERSION                     ; 13.0                                                                              ; --            ; nios_system_rsp_xbar_mux_001     ; --             ;
; IP_TOOL_VERSION                     ; 13.0                                                                              ; --            ; nios_system_sysid                ; --             ;
; MAX_CORE_JUNCTION_TEMP              ; 85                                                                                ; --            ; --                               ; --             ;
; MIN_CORE_JUNCTION_TEMP              ; 0                                                                                 ; --            ; --                               ; --             ;
; MISC_FILE                           ; nios_system/synthesis/../../nios_system.cmp                                       ; --            ; --                               ; --             ;
; MISC_FILE                           ; nios_system/synthesis/../../nios_system.qsys                                      ; --            ; --                               ; --             ;
; PARTITION_COLOR                     ; 16764057                                                                          ; --            ; --                               ; Top            ;
; PARTITION_FITTER_PRESERVATION_LEVEL ; PLACEMENT_AND_ROUTING                                                             ; --            ; --                               ; Top            ;
; PARTITION_NETLIST_TYPE              ; SOURCE                                                                            ; --            ; --                               ; Top            ;
; POWER_BOARD_THERMAL_MODEL           ; None (CONSERVATIVE)                                                               ; --            ; --                               ; --             ;
; POWER_PRESET_COOLING_SOLUTION       ; 23 MM HEAT SINK WITH 200 LFPM AIRFLOW                                             ; --            ; --                               ; --             ;
; SLD_FILE                            ; U:/Computer_Systems/DE2-115/DE2-115_Media_Computer/verilog/stp1_auto_stripped.stp ; --            ; --                               ; --             ;
; SLD_INFO                            ; QSYS_NAME nios_system HAS_SOPCINFO 1 GENERATION_ID 1463423999                     ; --            ; nios_system                      ; --             ;
; SMART_RECOMPILE                     ; On                                                                                ; Off           ; --                               ; --             ;
; SOPCINFO_FILE                       ; nios_system/synthesis/../../nios_system.sopcinfo                                  ; --            ; --                               ; --             ;
; SYNTHESIS_ONLY_QIP                  ; On                                                                                ; --            ; --                               ; --             ;
; USE_GENERATED_PHYSICAL_CONSTRAINTS  ; Off                                                                               ; --            ; --                               ; eda_blast_fpga ;
; USE_SIGNALTAP_FILE                  ; stp1.stp                                                                          ; --            ; --                               ; --             ;
+-------------------------------------+-----------------------------------------------------------------------------------+---------------+----------------------------------+----------------+


+-------------------------------------------------------------------------------------------------------------------------------+
; Flow Elapsed Time                                                                                                             ;
+---------------------------+--------------+-------------------------+---------------------+------------------------------------+
; Module Name               ; Elapsed Time ; Average Processors Used ; Peak Virtual Memory ; Total CPU Time (on all processors) ;
+---------------------------+--------------+-------------------------+---------------------+------------------------------------+
; Analysis & Synthesis      ; 00:00:29     ; 1.0                     ; 733 MB              ; 00:00:28                           ;
; Fitter                    ; 00:00:42     ; 1.4                     ; 1517 MB             ; 00:00:53                           ;
; Assembler                 ; 00:00:06     ; 1.0                     ; 475 MB              ; 00:00:05                           ;
; TimeQuest Timing Analyzer ; 00:00:08     ; 1.1                     ; 686 MB              ; 00:00:09                           ;
; Total                     ; 00:01:25     ; --                      ; --                  ; 00:01:35                           ;
+---------------------------+--------------+-------------------------+---------------------+------------------------------------+


+----------------------------------------------------------------------------------------+
; Flow OS Summary                                                                        ;
+---------------------------+------------------+-----------+------------+----------------+
; Module Name               ; Machine Hostname ; OS Name   ; OS Version ; Processor type ;
+---------------------------+------------------+-----------+------------+----------------+
; Analysis & Synthesis      ; EN-EC-LPH238-14  ; Windows 7 ; 6.1        ; x86_64         ;
; Fitter                    ; EN-EC-LPH238-14  ; Windows 7 ; 6.1        ; x86_64         ;
; Assembler                 ; EN-EC-LPH238-14  ; Windows 7 ; 6.1        ; x86_64         ;
; TimeQuest Timing Analyzer ; EN-EC-LPH238-14  ; Windows 7 ; 6.1        ; x86_64         ;
+---------------------------+------------------+-----------+------------+----------------+


------------
; Flow Log ;
------------
quartus_map --read_settings_files=on --write_settings_files=off DE2_115_Media_Computer -c DE2_115_Media_Computer
quartus_fit --read_settings_files=off --write_settings_files=off DE2_115_Media_Computer -c DE2_115_Media_Computer
quartus_asm --read_settings_files=off --write_settings_files=off DE2_115_Media_Computer -c DE2_115_Media_Computer
quartus_sta DE2_115_Media_Computer -c DE2_115_Media_Computer



